<?xml version="1.0" encoding="UTF-8"?>
<!-- Generated by org.testng.reporters.JUnitReportReporter -->
<testsuite skipped="0" hostname="LAPTOP-9PPB6IMS" name="testSuite.HotelReviewTest" tests="1" failures="0" timestamp="2021-06-22T16:28:45 IST" time="83.569" errors="0">
  <testcase name="hotelReview" time="83.569" classname="testSuite.HotelReviewTest"/>
  <system-out/>
</testsuite> <!-- testSuite.HotelReviewTest -->
