<?xml version="1.0" encoding="UTF-8"?>
<!-- Generated by org.testng.reporters.JUnitReportReporter -->
<testsuite skipped="0" hostname="LAPTOP-EO45ECHO" name="base.Base" tests="1" failures="0" timestamp="2021-06-12T13:54:19 IST" time="1.832" errors="0">
  <testcase name="setup" time="1.832" classname="base.Base"/>
  <system-out/>
</testsuite> <!-- base.Base -->
