<?xml version="1.0" encoding="UTF-8"?>
<!-- Generated by org.testng.reporters.JUnitReportReporter -->
<testsuite skipped="0" hostname="LAPTOP-9PPB6IMS" name="testSuite.HotelListTest" tests="1" failures="0" timestamp="2021-06-22T16:28:45 IST" time="197.839" errors="0">
  <testcase name="hotelList" time="197.839" classname="testSuite.HotelListTest"/>
  <system-out/>
</testsuite> <!-- testSuite.HotelListTest -->
