<?xml version="1.0" encoding="UTF-8"?>
<!-- Generated by org.testng.reporters.JUnitReportReporter -->
<testsuite skipped="0" hostname="LAPTOP-9PPB6IMS" name="testSuite.HotelDetailsTest" tests="1" failures="0" timestamp="2021-06-22T16:28:46 IST" time="135.590" errors="0">
  <testcase name="hotelDetails" time="135.590" classname="testSuite.HotelDetailsTest"/>
  <system-out/>
</testsuite> <!-- testSuite.HotelDetailsTest -->
